<?xml version="1.0" encoding="UTF-8"?>
<testsuite name="com.max_griffin_project.MaxGriffinProjectApplicationTests" tests="1" skipped="0" failures="0" errors="0" timestamp="2025-05-20T22:40:25.434Z" hostname="Braithwaite-Pro.lan" time="1.01">
  <properties/>
  <testcase name="contextLoads()" classname="com.max_griffin_project.MaxGriffinProjectApplicationTests" time="1.01"/>
  <system-out><![CDATA[18:40:16.114 [Test worker] INFO org.springframework.test.context.support.AnnotationConfigContextLoaderUtils -- Could not detect default configuration classes for test class [com.max_griffin_project.MaxGriffinProjectApplicationTests]: MaxGriffinProjectApplicationTests does not declare any static, non-private, non-final, nested classes annotated with @Configuration.
18:40:16.321 [Test worker] INFO org.springframework.boot.test.context.SpringBootTestContextBootstrapper -- Found @SpringBootConfiguration com.max_griffin_project.MaxGriffinProjectApplication for test class com.max_griffin_project.MaxGriffinProjectApplicationTests

  .   ____          _            __ _ _
 /\\ / ___'_ __ _ _(_)_ __  __ _ \ \ \ \
( ( )\___ | '_ | '_| | '_ \/ _` | \ \ \ \
 \\/  ___)| |_)| | | | | || (_| |  ) ) ) )
  '  |____| .__|_| |_|_| |_\__, | / / / /
 =========|_|==============|___/=/_/_/_/

 :: Spring Boot ::                (v3.4.2)

2025-05-20T18:40:17.085-04:00  INFO 17580 --- [project-database] [    Test worker] c.m.MaxGriffinProjectApplicationTests    : Starting MaxGriffinProjectApplicationTests using Java 17.0.12 with PID 17580 (started by maxbraithwaite in /Users/maxbraithwaite/Desktop/toolsProject/fullBackend/SeniorProjectMAIN/MaxGriffinProjectBackend)
2025-05-20T18:40:17.088-04:00  INFO 17580 --- [project-database] [    Test worker] c.m.MaxGriffinProjectApplicationTests    : No active profile set, falling back to 1 default profile: "default"
2025-05-20T18:40:18.308-04:00  INFO 17580 --- [project-database] [    Test worker] .s.d.r.c.RepositoryConfigurationDelegate : Bootstrapping Spring Data JPA repositories in DEFAULT mode.
2025-05-20T18:40:18.444-04:00  INFO 17580 --- [project-database] [    Test worker] .s.d.r.c.RepositoryConfigurationDelegate : Finished Spring Data repository scanning in 123 ms. Found 4 JPA repository interfaces.
2025-05-20T18:40:19.436-04:00  INFO 17580 --- [project-database] [    Test worker] o.hibernate.jpa.internal.util.LogHelper  : HHH000204: Processing PersistenceUnitInfo [name: default]
2025-05-20T18:40:19.514-04:00  INFO 17580 --- [project-database] [    Test worker] org.hibernate.Version                    : HHH000412: Hibernate ORM core version 6.6.5.Final
2025-05-20T18:40:19.563-04:00  INFO 17580 --- [project-database] [    Test worker] o.h.c.internal.RegionFactoryInitiator    : HHH000026: Second-level cache disabled
2025-05-20T18:40:20.065-04:00  INFO 17580 --- [project-database] [    Test worker] o.s.o.j.p.SpringPersistenceUnitInfo      : No LoadTimeWeaver setup: ignoring JPA class transformer
2025-05-20T18:40:20.111-04:00  INFO 17580 --- [project-database] [    Test worker] com.zaxxer.hikari.HikariDataSource       : HikariPool-1 - Starting...
2025-05-20T18:40:20.330-04:00  INFO 17580 --- [project-database] [    Test worker] com.zaxxer.hikari.pool.HikariPool        : HikariPool-1 - Added connection org.postgresql.jdbc.PgConnection@2ffa91dc
2025-05-20T18:40:20.333-04:00  INFO 17580 --- [project-database] [    Test worker] com.zaxxer.hikari.HikariDataSource       : HikariPool-1 - Start completed.
2025-05-20T18:40:20.388-04:00  WARN 17580 --- [project-database] [    Test worker] org.hibernate.orm.deprecation            : HHH90000025: PostgreSQLDialect does not need to be specified explicitly using 'hibernate.dialect' (remove the property setting and it will be selected by default)
2025-05-20T18:40:20.429-04:00  INFO 17580 --- [project-database] [    Test worker] org.hibernate.orm.connections.pooling    : HHH10001005: Database info:
	Database JDBC URL [Connecting through datasource 'HikariDataSource (HikariPool-1)']
	Database driver: undefined/unknown
	Database version: 17.5
	Autocommit mode: undefined/unknown
	Isolation level: undefined/unknown
	Minimum pool size: undefined/unknown
	Maximum pool size: undefined/unknown
2025-05-20T18:40:22.529-04:00  INFO 17580 --- [project-database] [    Test worker] o.h.e.t.j.p.i.JtaPlatformInitiator       : HHH000489: No JTA platform available (set 'hibernate.transaction.jta.platform' to enable JTA platform integration)
2025-05-20T18:40:22.736-04:00  INFO 17580 --- [project-database] [    Test worker] j.LocalContainerEntityManagerFactoryBean : Initialized JPA EntityManagerFactory for persistence unit 'default'
2025-05-20T18:40:23.332-04:00  INFO 17580 --- [project-database] [    Test worker] r$InitializeUserDetailsManagerConfigurer : Global AuthenticationManager configured with UserDetailsService bean with name customUserDetailService
2025-05-20T18:40:23.537-04:00  WARN 17580 --- [project-database] [    Test worker] JpaBaseConfiguration$JpaWebConfiguration : spring.jpa.open-in-view is enabled by default. Therefore, database queries may be performed during view rendering. Explicitly configure spring.jpa.open-in-view to disable this warning
2025-05-20T18:40:25.404-04:00  INFO 17580 --- [project-database] [    Test worker] c.m.MaxGriffinProjectApplicationTests    : Started MaxGriffinProjectApplicationTests in 8.836 seconds (process running for 11.085)
]]></system-out>
  <system-err><![CDATA[]]></system-err>
</testsuite>
